2024-04-14T11:42:03.411+05:30  INFO 13100 --- [restartedMain] c.shopme.admin.ShopmeBackEndApplication  : Starting ShopmeBackEndApplication using Java 17.0.10 with PID 13100 (E:\microSerivceProject\ShopmeEcommerce\ShopmeProject\ShopmeWebParent\ShopmeBackEnd\target\classes started by Computer in E:\microSerivceProject\ShopmeEcommerce\ShopmeProject\ShopmeWebParent\ShopmeBackEnd)
2024-04-14T11:42:03.414+05:30  INFO 13100 --- [restartedMain] c.shopme.admin.ShopmeBackEndApplication  : No active profile set, falling back to 1 default profile: "default"
2024-04-14T11:42:03.486+05:30  INFO 13100 --- [restartedMain] .e.DevToolsPropertyDefaultsPostProcessor : Devtools property defaults active! Set 'spring.devtools.add-properties' to 'false' to disable
2024-04-14T11:42:03.487+05:30  INFO 13100 --- [restartedMain] .e.DevToolsPropertyDefaultsPostProcessor : For additional web related logging consider setting the 'logging.level.web' property to 'DEBUG'
2024-04-14T11:42:04.230+05:30  INFO 13100 --- [restartedMain] .s.d.r.c.RepositoryConfigurationDelegate : Bootstrapping Spring Data JPA repositories in DEFAULT mode.
2024-04-14T11:42:04.294+05:30  INFO 13100 --- [restartedMain] .s.d.r.c.RepositoryConfigurationDelegate : Finished Spring Data repository scanning in 54 ms. Found 2 JPA repository interfaces.
2024-04-14T11:42:04.894+05:30  INFO 13100 --- [restartedMain] o.s.b.w.embedded.tomcat.TomcatWebServer  : Tomcat initialized with port 8080 (http)
2024-04-14T11:42:04.905+05:30  INFO 13100 --- [restartedMain] o.apache.catalina.core.StandardService   : Starting service [Tomcat]
2024-04-14T11:42:04.905+05:30  INFO 13100 --- [restartedMain] o.apache.catalina.core.StandardEngine    : Starting Servlet engine: [Apache Tomcat/10.1.18]
2024-04-14T11:42:04.978+05:30  INFO 13100 --- [restartedMain] o.a.c.c.C.[.[localhost].[/ShopmeAdmin]   : Initializing Spring embedded WebApplicationContext
2024-04-14T11:42:04.979+05:30  INFO 13100 --- [restartedMain] w.s.c.ServletWebServerApplicationContext : Root WebApplicationContext: initialization completed in 1491 ms
2024-04-14T11:42:05.152+05:30  INFO 13100 --- [restartedMain] o.hibernate.jpa.internal.util.LogHelper  : HHH000204: Processing PersistenceUnitInfo [name: default]
2024-04-14T11:42:05.213+05:30  INFO 13100 --- [restartedMain] org.hibernate.Version                    : HHH000412: Hibernate ORM core version 6.4.1.Final
2024-04-14T11:42:05.254+05:30  INFO 13100 --- [restartedMain] o.h.c.internal.RegionFactoryInitiator    : HHH000026: Second-level cache disabled
2024-04-14T11:42:05.496+05:30  INFO 13100 --- [restartedMain] o.s.o.j.p.SpringPersistenceUnitInfo      : No LoadTimeWeaver setup: ignoring JPA class transformer
2024-04-14T11:42:05.528+05:30  INFO 13100 --- [restartedMain] com.zaxxer.hikari.HikariDataSource       : HikariPool-1 - Starting...
2024-04-14T11:42:05.836+05:30  INFO 13100 --- [restartedMain] com.zaxxer.hikari.pool.HikariPool        : HikariPool-1 - Added connection com.mysql.cj.jdbc.ConnectionImpl@47fae16e
2024-04-14T11:42:05.839+05:30  INFO 13100 --- [restartedMain] com.zaxxer.hikari.HikariDataSource       : HikariPool-1 - Start completed.
2024-04-14T11:42:05.893+05:30  WARN 13100 --- [restartedMain] org.hibernate.orm.deprecation            : HHH90000025: MySQL8Dialect does not need to be specified explicitly using 'hibernate.dialect' (remove the property setting and it will be selected by default)
2024-04-14T11:42:05.894+05:30  WARN 13100 --- [restartedMain] org.hibernate.orm.deprecation            : HHH90000026: MySQL8Dialect has been deprecated; use org.hibernate.dialect.MySQLDialect instead
2024-04-14T11:42:06.868+05:30  INFO 13100 --- [restartedMain] o.h.e.t.j.p.i.JtaPlatformInitiator       : HHH000489: No JTA platform available (set 'hibernate.transaction.jta.platform' to enable JTA platform integration)
2024-04-14T11:42:06.940+05:30  INFO 13100 --- [restartedMain] j.LocalContainerEntityManagerFactoryBean : Initialized JPA EntityManagerFactory for persistence unit 'default'
2024-04-14T11:42:07.192+05:30  INFO 13100 --- [restartedMain] o.s.d.j.r.query.QueryEnhancerFactory     : Hibernate is in classpath; If applicable, HQL parser will be used.
2024-04-14T11:42:07.785+05:30  WARN 13100 --- [restartedMain] JpaBaseConfiguration$JpaWebConfiguration : spring.jpa.open-in-view is enabled by default. Therefore, database queries may be performed during view rendering. Explicitly configure spring.jpa.open-in-view to disable this warning
2024-04-14T11:42:07.895+05:30  INFO 13100 --- [restartedMain] o.s.b.a.w.s.WelcomePageHandlerMapping    : Adding welcome page template: index
2024-04-14T11:42:08.552+05:30  INFO 13100 --- [restartedMain] o.s.s.web.DefaultSecurityFilterChain     : Will secure any request with [org.springframework.security.web.session.DisableEncodeUrlFilter@1b5b6705, org.springframework.security.web.context.request.async.WebAsyncManagerIntegrationFilter@34e00518, org.springframework.security.web.context.SecurityContextHolderFilter@7cd68d05, org.springframework.security.web.header.HeaderWriterFilter@e51512b, org.springframework.web.filter.CorsFilter@678d8d55, org.springframework.security.web.csrf.CsrfFilter@64b10c3b, org.springframework.security.web.authentication.logout.LogoutFilter@4371b3e4, org.springframework.security.web.authentication.UsernamePasswordAuthenticationFilter@68f8ed83, org.springframework.security.web.savedrequest.RequestCacheAwareFilter@75e778a6, org.springframework.security.web.servletapi.SecurityContextHolderAwareRequestFilter@7272e84f, org.springframework.security.web.authentication.rememberme.RememberMeAuthenticationFilter@6bfb7dba, org.springframework.security.web.authentication.AnonymousAuthenticationFilter@572b3ab3, org.springframework.security.web.access.ExceptionTranslationFilter@40eb3007, org.springframework.security.web.access.intercept.AuthorizationFilter@3728ff07]
2024-04-14T11:42:08.559+05:30  WARN 13100 --- [restartedMain] o.s.s.c.a.web.builders.WebSecurity       : You are asking Spring Security to ignore Mvc [pattern='/images/**']. This is not recommended -- please use permitAll via HttpSecurity#authorizeHttpRequests instead.
2024-04-14T11:42:08.560+05:30  INFO 13100 --- [restartedMain] o.s.s.web.DefaultSecurityFilterChain     : Will not secure Mvc [pattern='/images/**']
2024-04-14T11:42:08.560+05:30  WARN 13100 --- [restartedMain] o.s.s.c.a.web.builders.WebSecurity       : You are asking Spring Security to ignore Mvc [pattern='/js/**']. This is not recommended -- please use permitAll via HttpSecurity#authorizeHttpRequests instead.
2024-04-14T11:42:08.560+05:30  INFO 13100 --- [restartedMain] o.s.s.web.DefaultSecurityFilterChain     : Will not secure Mvc [pattern='/js/**']
2024-04-14T11:42:08.560+05:30  WARN 13100 --- [restartedMain] o.s.s.c.a.web.builders.WebSecurity       : You are asking Spring Security to ignore Mvc [pattern='/webjars/**']. This is not recommended -- please use permitAll via HttpSecurity#authorizeHttpRequests instead.
2024-04-14T11:42:08.561+05:30  INFO 13100 --- [restartedMain] o.s.s.web.DefaultSecurityFilterChain     : Will not secure Mvc [pattern='/webjars/**']
2024-04-14T11:42:08.835+05:30  INFO 13100 --- [restartedMain] o.s.b.d.a.OptionalLiveReloadServer       : LiveReload server is running on port 35729
2024-04-14T11:42:08.882+05:30  INFO 13100 --- [restartedMain] o.s.b.w.embedded.tomcat.TomcatWebServer  : Tomcat started on port 8080 (http) with context path '/ShopmeAdmin'
2024-04-14T11:42:08.894+05:30  INFO 13100 --- [restartedMain] c.shopme.admin.ShopmeBackEndApplication  : Started ShopmeBackEndApplication in 5.9 seconds (process running for 6.712)
2024-04-14T11:46:09.066+05:30  INFO 13100 --- [File Watcher] rtingClassPathChangeChangedEventListener : Restarting due to 1 class path change (0 additions, 0 deletions, 1 modification)
2024-04-14T11:46:09.082+05:30  INFO 13100 --- [Thread-5] j.LocalContainerEntityManagerFactoryBean : Closing JPA EntityManagerFactory for persistence unit 'default'
2024-04-14T11:46:09.085+05:30  INFO 13100 --- [Thread-5] com.zaxxer.hikari.HikariDataSource       : HikariPool-1 - Shutdown initiated...
2024-04-14T11:46:09.096+05:30  INFO 13100 --- [Thread-5] com.zaxxer.hikari.HikariDataSource       : HikariPool-1 - Shutdown completed.
2024-04-14T11:46:09.206+05:30  INFO 13100 --- [restartedMain] c.shopme.admin.ShopmeBackEndApplication  : Starting ShopmeBackEndApplication using Java 17.0.10 with PID 13100 (E:\microSerivceProject\ShopmeEcommerce\ShopmeProject\ShopmeWebParent\ShopmeBackEnd\target\classes started by Computer in E:\microSerivceProject\ShopmeEcommerce\ShopmeProject\ShopmeWebParent\ShopmeBackEnd)
2024-04-14T11:46:09.206+05:30  INFO 13100 --- [restartedMain] c.shopme.admin.ShopmeBackEndApplication  : No active profile set, falling back to 1 default profile: "default"
2024-04-14T11:46:09.415+05:30  INFO 13100 --- [restartedMain] .s.d.r.c.RepositoryConfigurationDelegate : Bootstrapping Spring Data JPA repositories in DEFAULT mode.
2024-04-14T11:46:09.428+05:30  INFO 13100 --- [restartedMain] .s.d.r.c.RepositoryConfigurationDelegate : Finished Spring Data repository scanning in 11 ms. Found 2 JPA repository interfaces.
2024-04-14T11:46:09.541+05:30  INFO 13100 --- [restartedMain] o.s.b.w.embedded.tomcat.TomcatWebServer  : Tomcat initialized with port 8080 (http)
2024-04-14T11:46:09.542+05:30  INFO 13100 --- [restartedMain] o.apache.catalina.core.StandardService   : Starting service [Tomcat]
2024-04-14T11:46:09.542+05:30  INFO 13100 --- [restartedMain] o.apache.catalina.core.StandardEngine    : Starting Servlet engine: [Apache Tomcat/10.1.18]
2024-04-14T11:46:09.571+05:30  INFO 13100 --- [restartedMain] o.a.c.c.C.[.[localhost].[/ShopmeAdmin]   : Initializing Spring embedded WebApplicationContext
2024-04-14T11:46:09.571+05:30  INFO 13100 --- [restartedMain] w.s.c.ServletWebServerApplicationContext : Root WebApplicationContext: initialization completed in 360 ms
2024-04-14T11:46:09.619+05:30  INFO 13100 --- [restartedMain] o.hibernate.jpa.internal.util.LogHelper  : HHH000204: Processing PersistenceUnitInfo [name: default]
2024-04-14T11:46:09.624+05:30  INFO 13100 --- [restartedMain] o.h.c.internal.RegionFactoryInitiator    : HHH000026: Second-level cache disabled
2024-04-14T11:46:09.631+05:30  INFO 13100 --- [restartedMain] o.s.o.j.p.SpringPersistenceUnitInfo      : No LoadTimeWeaver setup: ignoring JPA class transformer
2024-04-14T11:46:09.632+05:30  INFO 13100 --- [restartedMain] com.zaxxer.hikari.HikariDataSource       : HikariPool-2 - Starting...
2024-04-14T11:46:09.655+05:30  INFO 13100 --- [restartedMain] com.zaxxer.hikari.pool.HikariPool        : HikariPool-2 - Added connection com.mysql.cj.jdbc.ConnectionImpl@484085a9
2024-04-14T11:46:09.655+05:30  INFO 13100 --- [restartedMain] com.zaxxer.hikari.HikariDataSource       : HikariPool-2 - Start completed.
2024-04-14T11:46:09.656+05:30  WARN 13100 --- [restartedMain] org.hibernate.orm.deprecation            : HHH90000025: MySQL8Dialect does not need to be specified explicitly using 'hibernate.dialect' (remove the property setting and it will be selected by default)
2024-04-14T11:46:09.656+05:30  WARN 13100 --- [restartedMain] org.hibernate.orm.deprecation            : HHH90000026: MySQL8Dialect has been deprecated; use org.hibernate.dialect.MySQLDialect instead
2024-04-14T11:46:09.711+05:30  INFO 13100 --- [restartedMain] o.h.e.t.j.p.i.JtaPlatformInitiator       : HHH000489: No JTA platform available (set 'hibernate.transaction.jta.platform' to enable JTA platform integration)
2024-04-14T11:46:09.739+05:30  INFO 13100 --- [restartedMain] j.LocalContainerEntityManagerFactoryBean : Initialized JPA EntityManagerFactory for persistence unit 'default'
2024-04-14T11:46:09.866+05:30  WARN 13100 --- [restartedMain] JpaBaseConfiguration$JpaWebConfiguration : spring.jpa.open-in-view is enabled by default. Therefore, database queries may be performed during view rendering. Explicitly configure spring.jpa.open-in-view to disable this warning
2024-04-14T11:46:09.888+05:30  INFO 13100 --- [restartedMain] o.s.b.a.w.s.WelcomePageHandlerMapping    : Adding welcome page template: index
2024-04-14T11:46:10.408+05:30  INFO 13100 --- [restartedMain] o.s.s.web.DefaultSecurityFilterChain     : Will secure any request with [org.springframework.security.web.session.DisableEncodeUrlFilter@74245f30, org.springframework.security.web.context.request.async.WebAsyncManagerIntegrationFilter@1f81ff81, org.springframework.security.web.context.SecurityContextHolderFilter@13468cbe, org.springframework.security.web.header.HeaderWriterFilter@2d9b76c2, org.springframework.web.filter.CorsFilter@228e5b82, org.springframework.security.web.csrf.CsrfFilter@33b01f80, org.springframework.security.web.authentication.logout.LogoutFilter@326d49d9, org.springframework.security.web.authentication.UsernamePasswordAuthenticationFilter@7019a566, org.springframework.security.web.savedrequest.RequestCacheAwareFilter@2039dd49, org.springframework.security.web.servletapi.SecurityContextHolderAwareRequestFilter@63b24364, org.springframework.security.web.authentication.rememberme.RememberMeAuthenticationFilter@2862193d, org.springframework.security.web.authentication.AnonymousAuthenticationFilter@1a9d051f, org.springframework.security.web.access.ExceptionTranslationFilter@3bdf12f8, org.springframework.security.web.access.intercept.AuthorizationFilter@2d88d8c5]
2024-04-14T11:46:10.413+05:30  WARN 13100 --- [restartedMain] o.s.s.c.a.web.builders.WebSecurity       : You are asking Spring Security to ignore Mvc [pattern='/images/**']. This is not recommended -- please use permitAll via HttpSecurity#authorizeHttpRequests instead.
2024-04-14T11:46:10.413+05:30  INFO 13100 --- [restartedMain] o.s.s.web.DefaultSecurityFilterChain     : Will not secure Mvc [pattern='/images/**']
2024-04-14T11:46:10.413+05:30  WARN 13100 --- [restartedMain] o.s.s.c.a.web.builders.WebSecurity       : You are asking Spring Security to ignore Mvc [pattern='/js/**']. This is not recommended -- please use permitAll via HttpSecurity#authorizeHttpRequests instead.
2024-04-14T11:46:10.414+05:30  INFO 13100 --- [restartedMain] o.s.s.web.DefaultSecurityFilterChain     : Will not secure Mvc [pattern='/js/**']
2024-04-14T11:46:10.414+05:30  WARN 13100 --- [restartedMain] o.s.s.c.a.web.builders.WebSecurity       : You are asking Spring Security to ignore Mvc [pattern='/webjars/**']. This is not recommended -- please use permitAll via HttpSecurity#authorizeHttpRequests instead.
2024-04-14T11:46:10.414+05:30  INFO 13100 --- [restartedMain] o.s.s.web.DefaultSecurityFilterChain     : Will not secure Mvc [pattern='/webjars/**']
2024-04-14T11:46:10.526+05:30  INFO 13100 --- [restartedMain] o.s.b.d.a.OptionalLiveReloadServer       : LiveReload server is running on port 35729
2024-04-14T11:46:10.549+05:30  INFO 13100 --- [restartedMain] o.s.b.w.embedded.tomcat.TomcatWebServer  : Tomcat started on port 8080 (http) with context path '/ShopmeAdmin'
2024-04-14T11:46:10.567+05:30  INFO 13100 --- [restartedMain] c.shopme.admin.ShopmeBackEndApplication  : Started ShopmeBackEndApplication in 1.398 seconds (process running for 248.385)
2024-04-14T11:46:10.572+05:30  INFO 13100 --- [restartedMain] .ConditionEvaluationDeltaLoggingListener : Condition evaluation unchanged
2024-04-14T11:55:50.534+05:30  INFO 13100 --- [RMI TCP Connection(26)-127.0.0.1] inMXBeanRegistrar$SpringApplicationAdmin : Application shutdown requested.
2024-04-14T11:55:50.546+05:30  INFO 13100 --- [RMI TCP Connection(26)-127.0.0.1] j.LocalContainerEntityManagerFactoryBean : Closing JPA EntityManagerFactory for persistence unit 'default'
2024-04-14T11:55:50.547+05:30  INFO 13100 --- [RMI TCP Connection(26)-127.0.0.1] com.zaxxer.hikari.HikariDataSource       : HikariPool-2 - Shutdown initiated...
2024-04-14T11:55:50.556+05:30  INFO 13100 --- [RMI TCP Connection(26)-127.0.0.1] com.zaxxer.hikari.HikariDataSource       : HikariPool-2 - Shutdown completed.
2024-04-14T11:56:25.563+05:30  INFO 11176 --- [restartedMain] c.shopme.admin.ShopmeBackEndApplication  : Starting ShopmeBackEndApplication using Java 17.0.10 with PID 11176 (E:\microSerivceProject\ShopmeEcommerce\ShopmeProject\ShopmeWebParent\ShopmeBackEnd\target\classes started by Computer in E:\microSerivceProject\ShopmeEcommerce\ShopmeProject\ShopmeWebParent\ShopmeBackEnd)
2024-04-14T11:56:25.566+05:30  INFO 11176 --- [restartedMain] c.shopme.admin.ShopmeBackEndApplication  : No active profile set, falling back to 1 default profile: "default"
2024-04-14T11:56:25.635+05:30  INFO 11176 --- [restartedMain] .e.DevToolsPropertyDefaultsPostProcessor : Devtools property defaults active! Set 'spring.devtools.add-properties' to 'false' to disable
2024-04-14T11:56:25.636+05:30  INFO 11176 --- [restartedMain] .e.DevToolsPropertyDefaultsPostProcessor : For additional web related logging consider setting the 'logging.level.web' property to 'DEBUG'
2024-04-14T11:56:26.397+05:30  INFO 11176 --- [restartedMain] .s.d.r.c.RepositoryConfigurationDelegate : Bootstrapping Spring Data JPA repositories in DEFAULT mode.
2024-04-14T11:56:26.459+05:30  INFO 11176 --- [restartedMain] .s.d.r.c.RepositoryConfigurationDelegate : Finished Spring Data repository scanning in 53 ms. Found 2 JPA repository interfaces.
2024-04-14T11:56:27.069+05:30  INFO 11176 --- [restartedMain] o.s.b.w.embedded.tomcat.TomcatWebServer  : Tomcat initialized with port 8080 (http)
2024-04-14T11:56:27.085+05:30  INFO 11176 --- [restartedMain] o.apache.catalina.core.StandardService   : Starting service [Tomcat]
2024-04-14T11:56:27.086+05:30  INFO 11176 --- [restartedMain] o.apache.catalina.core.StandardEngine    : Starting Servlet engine: [Apache Tomcat/10.1.18]
2024-04-14T11:56:27.154+05:30  INFO 11176 --- [restartedMain] o.a.c.c.C.[.[localhost].[/ShopmeAdmin]   : Initializing Spring embedded WebApplicationContext
2024-04-14T11:56:27.154+05:30  INFO 11176 --- [restartedMain] w.s.c.ServletWebServerApplicationContext : Root WebApplicationContext: initialization completed in 1518 ms
2024-04-14T11:56:27.343+05:30  INFO 11176 --- [restartedMain] o.hibernate.jpa.internal.util.LogHelper  : HHH000204: Processing PersistenceUnitInfo [name: default]
2024-04-14T11:56:27.402+05:30  INFO 11176 --- [restartedMain] org.hibernate.Version                    : HHH000412: Hibernate ORM core version 6.4.1.Final
2024-04-14T11:56:27.440+05:30  INFO 11176 --- [restartedMain] o.h.c.internal.RegionFactoryInitiator    : HHH000026: Second-level cache disabled
2024-04-14T11:56:27.682+05:30  INFO 11176 --- [restartedMain] o.s.o.j.p.SpringPersistenceUnitInfo      : No LoadTimeWeaver setup: ignoring JPA class transformer
2024-04-14T11:56:27.713+05:30  INFO 11176 --- [restartedMain] com.zaxxer.hikari.HikariDataSource       : HikariPool-1 - Starting...
2024-04-14T11:56:28.017+05:30  INFO 11176 --- [restartedMain] com.zaxxer.hikari.pool.HikariPool        : HikariPool-1 - Added connection com.mysql.cj.jdbc.ConnectionImpl@583c8de0
2024-04-14T11:56:28.020+05:30  INFO 11176 --- [restartedMain] com.zaxxer.hikari.HikariDataSource       : HikariPool-1 - Start completed.
2024-04-14T11:56:28.078+05:30  WARN 11176 --- [restartedMain] org.hibernate.orm.deprecation            : HHH90000025: MySQL8Dialect does not need to be specified explicitly using 'hibernate.dialect' (remove the property setting and it will be selected by default)
2024-04-14T11:56:28.080+05:30  WARN 11176 --- [restartedMain] org.hibernate.orm.deprecation            : HHH90000026: MySQL8Dialect has been deprecated; use org.hibernate.dialect.MySQLDialect instead
2024-04-14T11:56:29.076+05:30  INFO 11176 --- [restartedMain] o.h.e.t.j.p.i.JtaPlatformInitiator       : HHH000489: No JTA platform available (set 'hibernate.transaction.jta.platform' to enable JTA platform integration)
2024-04-14T11:56:29.150+05:30  INFO 11176 --- [restartedMain] j.LocalContainerEntityManagerFactoryBean : Initialized JPA EntityManagerFactory for persistence unit 'default'
2024-04-14T11:56:29.412+05:30  INFO 11176 --- [restartedMain] o.s.d.j.r.query.QueryEnhancerFactory     : Hibernate is in classpath; If applicable, HQL parser will be used.
2024-04-14T11:56:30.016+05:30  WARN 11176 --- [restartedMain] JpaBaseConfiguration$JpaWebConfiguration : spring.jpa.open-in-view is enabled by default. Therefore, database queries may be performed during view rendering. Explicitly configure spring.jpa.open-in-view to disable this warning
2024-04-14T11:56:30.166+05:30  INFO 11176 --- [restartedMain] o.s.b.a.w.s.WelcomePageHandlerMapping    : Adding welcome page template: index
2024-04-14T11:56:30.925+05:30  INFO 11176 --- [restartedMain] o.s.s.web.DefaultSecurityFilterChain     : Will secure any request with [org.springframework.security.web.session.DisableEncodeUrlFilter@18eb7015, org.springframework.security.web.context.request.async.WebAsyncManagerIntegrationFilter@6836362, org.springframework.security.web.context.SecurityContextHolderFilter@489d37a9, org.springframework.security.web.header.HeaderWriterFilter@70b24cc0, org.springframework.web.filter.CorsFilter@d18c518, org.springframework.security.web.csrf.CsrfFilter@784a3277, org.springframework.security.web.authentication.logout.LogoutFilter@59506e22, org.springframework.security.web.authentication.UsernamePasswordAuthenticationFilter@2e46060c, org.springframework.security.web.savedrequest.RequestCacheAwareFilter@297841ab, org.springframework.security.web.servletapi.SecurityContextHolderAwareRequestFilter@6353285c, org.springframework.security.web.authentication.rememberme.RememberMeAuthenticationFilter@1bc62032, org.springframework.security.web.authentication.AnonymousAuthenticationFilter@27f5b339, org.springframework.security.web.access.ExceptionTranslationFilter@609977c0, org.springframework.security.web.access.intercept.AuthorizationFilter@38476d22]
2024-04-14T11:56:30.932+05:30  WARN 11176 --- [restartedMain] o.s.s.c.a.web.builders.WebSecurity       : You are asking Spring Security to ignore Mvc [pattern='/images/**']. This is not recommended -- please use permitAll via HttpSecurity#authorizeHttpRequests instead.
2024-04-14T11:56:30.933+05:30  INFO 11176 --- [restartedMain] o.s.s.web.DefaultSecurityFilterChain     : Will not secure Mvc [pattern='/images/**']
2024-04-14T11:56:30.933+05:30  WARN 11176 --- [restartedMain] o.s.s.c.a.web.builders.WebSecurity       : You are asking Spring Security to ignore Mvc [pattern='/js/**']. This is not recommended -- please use permitAll via HttpSecurity#authorizeHttpRequests instead.
2024-04-14T11:56:30.933+05:30  INFO 11176 --- [restartedMain] o.s.s.web.DefaultSecurityFilterChain     : Will not secure Mvc [pattern='/js/**']
2024-04-14T11:56:30.934+05:30  WARN 11176 --- [restartedMain] o.s.s.c.a.web.builders.WebSecurity       : You are asking Spring Security to ignore Mvc [pattern='/webjars/**']. This is not recommended -- please use permitAll via HttpSecurity#authorizeHttpRequests instead.
2024-04-14T11:56:30.934+05:30  INFO 11176 --- [restartedMain] o.s.s.web.DefaultSecurityFilterChain     : Will not secure Mvc [pattern='/webjars/**']
2024-04-14T11:56:31.212+05:30  INFO 11176 --- [restartedMain] o.s.b.d.a.OptionalLiveReloadServer       : LiveReload server is running on port 35729
2024-04-14T11:56:31.263+05:30  INFO 11176 --- [restartedMain] o.s.b.w.embedded.tomcat.TomcatWebServer  : Tomcat started on port 8080 (http) with context path '/ShopmeAdmin'
2024-04-14T11:56:31.278+05:30  INFO 11176 --- [restartedMain] c.shopme.admin.ShopmeBackEndApplication  : Started ShopmeBackEndApplication in 6.146 seconds (process running for 7.069)
2024-04-14T11:56:31.339+05:30  INFO 11176 --- [http-nio-8080-exec-1] o.a.c.c.C.[.[localhost].[/ShopmeAdmin]   : Initializing Spring DispatcherServlet 'dispatcherServlet'
2024-04-14T11:56:31.339+05:30  INFO 11176 --- [http-nio-8080-exec-1] o.s.web.servlet.DispatcherServlet        : Initializing Servlet 'dispatcherServlet'
2024-04-14T11:56:31.342+05:30  INFO 11176 --- [http-nio-8080-exec-1] o.s.web.servlet.DispatcherServlet        : Completed initialization in 2 ms
2024-04-14T11:57:15.918+05:30  WARN 11176 --- [http-nio-8080-exec-8] actStandardFragmentInsertionTagProcessor : [THYMELEAF][http-nio-8080-exec-8][index] Deprecated unwrapped fragment expression "fragments :: page_head('Home - Shopme Admin')" found in template index, line 4, col 7. Please use the complete syntax of fragment expressions instead ("~{fragments :: page_head('Home - Shopme Admin')}"). The old, unwrapped syntax for fragment expressions will be removed in future versions of Thymeleaf.
2024-04-14T11:57:15.939+05:30  WARN 11176 --- [http-nio-8080-exec-8] actStandardFragmentInsertionTagProcessor : [THYMELEAF][http-nio-8080-exec-8][index] Deprecated unwrapped fragment expression "navigation :: menu" found in template index, line 7, col 7. Please use the complete syntax of fragment expressions instead ("~{navigation :: menu}"). The old, unwrapped syntax for fragment expressions will be removed in future versions of Thymeleaf.
2024-04-14T11:57:15.991+05:30  WARN 11176 --- [http-nio-8080-exec-8] actStandardFragmentInsertionTagProcessor : [THYMELEAF][http-nio-8080-exec-8][index] Deprecated unwrapped fragment expression "fragments :: footer" found in template index, line 16, col 7. Please use the complete syntax of fragment expressions instead ("~{fragments :: footer}"). The old, unwrapped syntax for fragment expressions will be removed in future versions of Thymeleaf.
2024-04-14T11:57:21.261+05:30  WARN 11176 --- [http-nio-8080-exec-7] actStandardFragmentInsertionTagProcessor : [THYMELEAF][http-nio-8080-exec-7][users/users] Deprecated unwrapped fragment expression "fragments :: page_head('Users - Shopme Admin')" found in template users/users, line 3, col 7. Please use the complete syntax of fragment expressions instead ("~{fragments :: page_head('Users - Shopme Admin')}"). The old, unwrapped syntax for fragment expressions will be removed in future versions of Thymeleaf.
2024-04-14T11:57:21.269+05:30  WARN 11176 --- [http-nio-8080-exec-7] actStandardFragmentInsertionTagProcessor : [THYMELEAF][http-nio-8080-exec-7][users/users] Deprecated unwrapped fragment expression "navigation :: menu" found in template users/users, line 6, col 7. Please use the complete syntax of fragment expressions instead ("~{navigation :: menu}"). The old, unwrapped syntax for fragment expressions will be removed in future versions of Thymeleaf.
2024-04-14T11:57:21.311+05:30  WARN 11176 --- [http-nio-8080-exec-7] actStandardFragmentInsertionTagProcessor : [THYMELEAF][http-nio-8080-exec-7][users/users] Deprecated unwrapped fragment expression "fragments :: column_link('id', 'User ID', 'tag')" found in template users/users, line 42, col 11. Please use the complete syntax of fragment expressions instead ("~{fragments :: column_link('id', 'User ID', 'tag')}"). The old, unwrapped syntax for fragment expressions will be removed in future versions of Thymeleaf.
2024-04-14T11:57:21.323+05:30  WARN 11176 --- [http-nio-8080-exec-7] actStandardFragmentInsertionTagProcessor : [THYMELEAF][http-nio-8080-exec-7][users/users] Deprecated unwrapped fragment expression "fragments :: column_link('email', 'E-mail', 'tag')" found in template users/users, line 48, col 11. Please use the complete syntax of fragment expressions instead ("~{fragments :: column_link('email', 'E-mail', 'tag')}"). The old, unwrapped syntax for fragment expressions will be removed in future versions of Thymeleaf.
2024-04-14T11:57:21.327+05:30  WARN 11176 --- [http-nio-8080-exec-7] actStandardFragmentInsertionTagProcessor : [THYMELEAF][http-nio-8080-exec-7][users/users] Deprecated unwrapped fragment expression "fragments :: column_link('firstName', 'First Name', 'none')" found in template users/users, line 51, col 10. Please use the complete syntax of fragment expressions instead ("~{fragments :: column_link('firstName', 'First Name', 'none')}"). The old, unwrapped syntax for fragment expressions will be removed in future versions of Thymeleaf.
2024-04-14T11:57:21.332+05:30  WARN 11176 --- [http-nio-8080-exec-7] actStandardFragmentInsertionTagProcessor : [THYMELEAF][http-nio-8080-exec-7][users/users] Deprecated unwrapped fragment expression "fragments :: column_link('lastName', 'Last Name', 'none')" found in template users/users, line 52, col 10. Please use the complete syntax of fragment expressions instead ("~{fragments :: column_link('lastName', 'Last Name', 'none')}"). The old, unwrapped syntax for fragment expressions will be removed in future versions of Thymeleaf.
2024-04-14T11:57:21.337+05:30  WARN 11176 --- [http-nio-8080-exec-7] actStandardFragmentInsertionTagProcessor : [THYMELEAF][http-nio-8080-exec-7][users/users] Deprecated unwrapped fragment expression "fragments :: column_link('enabled', 'Enabled', 'none')" found in template users/users, line 55, col 10. Please use the complete syntax of fragment expressions instead ("~{fragments :: column_link('enabled', 'Enabled', 'none')}"). The old, unwrapped syntax for fragment expressions will be removed in future versions of Thymeleaf.
2024-04-14T11:57:21.355+05:30  WARN 11176 --- [http-nio-8080-exec-7] actStandardFragmentInsertionTagProcessor : [THYMELEAF][http-nio-8080-exec-7][users/users] Deprecated unwrapped fragment expression "fragments :: user_photos" found in template users/users, line 63, col 12. Please use the complete syntax of fragment expressions instead ("~{fragments :: user_photos}"). The old, unwrapped syntax for fragment expressions will be removed in future versions of Thymeleaf.
2024-04-14T11:57:21.360+05:30  WARN 11176 --- [http-nio-8080-exec-7] actStandardFragmentInsertionTagProcessor : [THYMELEAF][http-nio-8080-exec-7][users/users] Deprecated unwrapped fragment expression "fragments :: user_status" found in template users/users, line 71, col 12. Please use the complete syntax of fragment expressions instead ("~{fragments :: user_status}"). The old, unwrapped syntax for fragment expressions will be removed in future versions of Thymeleaf.
2024-04-14T11:57:21.364+05:30  WARN 11176 --- [http-nio-8080-exec-7] actStandardFragmentInsertionTagProcessor : [THYMELEAF][http-nio-8080-exec-7][users/users] Deprecated unwrapped fragment expression "fragments :: user_actions" found in template users/users, line 75, col 12. Please use the complete syntax of fragment expressions instead ("~{fragments :: user_actions}"). The old, unwrapped syntax for fragment expressions will be removed in future versions of Thymeleaf.
2024-04-14T11:57:21.370+05:30  WARN 11176 --- [http-nio-8080-exec-7] actStandardFragmentInsertionTagProcessor : [THYMELEAF][http-nio-8080-exec-7][users/users] Deprecated unwrapped fragment expression "fragments :: user_photos" found in template users/users, line 63, col 12. Please use the complete syntax of fragment expressions instead ("~{fragments :: user_photos}"). The old, unwrapped syntax for fragment expressions will be removed in future versions of Thymeleaf.
2024-04-14T11:57:21.373+05:30  WARN 11176 --- [http-nio-8080-exec-7] actStandardFragmentInsertionTagProcessor : [THYMELEAF][http-nio-8080-exec-7][users/users] Deprecated unwrapped fragment expression "fragments :: user_status" found in template users/users, line 71, col 12. Please use the complete syntax of fragment expressions instead ("~{fragments :: user_status}"). The old, unwrapped syntax for fragment expressions will be removed in future versions of Thymeleaf.
2024-04-14T11:57:21.377+05:30  WARN 11176 --- [http-nio-8080-exec-7] actStandardFragmentInsertionTagProcessor : [THYMELEAF][http-nio-8080-exec-7][users/users] Deprecated unwrapped fragment expression "fragments :: user_actions" found in template users/users, line 75, col 12. Please use the complete syntax of fragment expressions instead ("~{fragments :: user_actions}"). The old, unwrapped syntax for fragment expressions will be removed in future versions of Thymeleaf.
2024-04-14T11:57:21.384+05:30  WARN 11176 --- [http-nio-8080-exec-7] actStandardFragmentInsertionTagProcessor : [THYMELEAF][http-nio-8080-exec-7][users/users] Deprecated unwrapped fragment expression "fragments :: user_photos" found in template users/users, line 63, col 12. Please use the complete syntax of fragment expressions instead ("~{fragments :: user_photos}"). The old, unwrapped syntax for fragment expressions will be removed in future versions of Thymeleaf.
2024-04-14T11:57:21.386+05:30  WARN 11176 --- [http-nio-8080-exec-7] actStandardFragmentInsertionTagProcessor : [THYMELEAF][http-nio-8080-exec-7][users/users] Deprecated unwrapped fragment expression "fragments :: user_status" found in template users/users, line 71, col 12. Please use the complete syntax of fragment expressions instead ("~{fragments :: user_status}"). The old, unwrapped syntax for fragment expressions will be removed in future versions of Thymeleaf.
2024-04-14T11:57:21.389+05:30  WARN 11176 --- [http-nio-8080-exec-7] actStandardFragmentInsertionTagProcessor : [THYMELEAF][http-nio-8080-exec-7][users/users] Deprecated unwrapped fragment expression "fragments :: user_actions" found in template users/users, line 75, col 12. Please use the complete syntax of fragment expressions instead ("~{fragments :: user_actions}"). The old, unwrapped syntax for fragment expressions will be removed in future versions of Thymeleaf.
2024-04-14T11:57:21.395+05:30  WARN 11176 --- [http-nio-8080-exec-7] actStandardFragmentInsertionTagProcessor : [THYMELEAF][http-nio-8080-exec-7][users/users] Deprecated unwrapped fragment expression "fragments :: user_photos" found in template users/users, line 63, col 12. Please use the complete syntax of fragment expressions instead ("~{fragments :: user_photos}"). The old, unwrapped syntax for fragment expressions will be removed in future versions of Thymeleaf.
2024-04-14T11:57:21.397+05:30  WARN 11176 --- [http-nio-8080-exec-7] actStandardFragmentInsertionTagProcessor : [THYMELEAF][http-nio-8080-exec-7][users/users] Deprecated unwrapped fragment expression "fragments :: user_status" found in template users/users, line 71, col 12. Please use the complete syntax of fragment expressions instead ("~{fragments :: user_status}"). The old, unwrapped syntax for fragment expressions will be removed in future versions of Thymeleaf.
2024-04-14T11:57:21.403+05:30  WARN 11176 --- [http-nio-8080-exec-7] actStandardFragmentInsertionTagProcessor : [THYMELEAF][http-nio-8080-exec-7][users/users] Deprecated unwrapped fragment expression "fragments :: user_actions" found in template users/users, line 75, col 12. Please use the complete syntax of fragment expressions instead ("~{fragments :: user_actions}"). The old, unwrapped syntax for fragment expressions will be removed in future versions of Thymeleaf.
2024-04-14T11:57:21.409+05:30  WARN 11176 --- [http-nio-8080-exec-7] actStandardFragmentInsertionTagProcessor : [THYMELEAF][http-nio-8080-exec-7][users/users] Deprecated unwrapped fragment expression "fragments :: user_photos" found in template users/users, line 85, col 10. Please use the complete syntax of fragment expressions instead ("~{fragments :: user_photos}"). The old, unwrapped syntax for fragment expressions will be removed in future versions of Thymeleaf.
2024-04-14T11:57:21.411+05:30  WARN 11176 --- [http-nio-8080-exec-7] actStandardFragmentInsertionTagProcessor : [THYMELEAF][http-nio-8080-exec-7][users/users] Deprecated unwrapped fragment expression "fragments :: user_status" found in template users/users, line 91, col 11. Please use the complete syntax of fragment expressions instead ("~{fragments :: user_status}"). The old, unwrapped syntax for fragment expressions will be removed in future versions of Thymeleaf.
2024-04-14T11:57:21.413+05:30  WARN 11176 --- [http-nio-8080-exec-7] actStandardFragmentInsertionTagProcessor : [THYMELEAF][http-nio-8080-exec-7][users/users] Deprecated unwrapped fragment expression "fragments :: user_actions" found in template users/users, line 93, col 11. Please use the complete syntax of fragment expressions instead ("~{fragments :: user_actions}"). The old, unwrapped syntax for fragment expressions will be removed in future versions of Thymeleaf.
2024-04-14T11:57:21.417+05:30  WARN 11176 --- [http-nio-8080-exec-7] actStandardFragmentInsertionTagProcessor : [THYMELEAF][http-nio-8080-exec-7][users/users] Deprecated unwrapped fragment expression "fragments :: user_photos" found in template users/users, line 85, col 10. Please use the complete syntax of fragment expressions instead ("~{fragments :: user_photos}"). The old, unwrapped syntax for fragment expressions will be removed in future versions of Thymeleaf.
2024-04-14T11:57:21.419+05:30  WARN 11176 --- [http-nio-8080-exec-7] actStandardFragmentInsertionTagProcessor : [THYMELEAF][http-nio-8080-exec-7][users/users] Deprecated unwrapped fragment expression "fragments :: user_status" found in template users/users, line 91, col 11. Please use the complete syntax of fragment expressions instead ("~{fragments :: user_status}"). The old, unwrapped syntax for fragment expressions will be removed in future versions of Thymeleaf.
2024-04-14T11:57:21.421+05:30  WARN 11176 --- [http-nio-8080-exec-7] actStandardFragmentInsertionTagProcessor : [THYMELEAF][http-nio-8080-exec-7][users/users] Deprecated unwrapped fragment expression "fragments :: user_actions" found in template users/users, line 93, col 11. Please use the complete syntax of fragment expressions instead ("~{fragments :: user_actions}"). The old, unwrapped syntax for fragment expressions will be removed in future versions of Thymeleaf.
2024-04-14T11:57:21.424+05:30  WARN 11176 --- [http-nio-8080-exec-7] actStandardFragmentInsertionTagProcessor : [THYMELEAF][http-nio-8080-exec-7][users/users] Deprecated unwrapped fragment expression "fragments :: user_photos" found in template users/users, line 85, col 10. Please use the complete syntax of fragment expressions instead ("~{fragments :: user_photos}"). The old, unwrapped syntax for fragment expressions will be removed in future versions of Thymeleaf.
2024-04-14T11:57:21.426+05:30  WARN 11176 --- [http-nio-8080-exec-7] actStandardFragmentInsertionTagProcessor : [THYMELEAF][http-nio-8080-exec-7][users/users] Deprecated unwrapped fragment expression "fragments :: user_status" found in template users/users, line 91, col 11. Please use the complete syntax of fragment expressions instead ("~{fragments :: user_status}"). The old, unwrapped syntax for fragment expressions will be removed in future versions of Thymeleaf.
2024-04-14T11:57:21.429+05:30  WARN 11176 --- [http-nio-8080-exec-7] actStandardFragmentInsertionTagProcessor : [THYMELEAF][http-nio-8080-exec-7][users/users] Deprecated unwrapped fragment expression "fragments :: user_actions" found in template users/users, line 93, col 11. Please use the complete syntax of fragment expressions instead ("~{fragments :: user_actions}"). The old, unwrapped syntax for fragment expressions will be removed in future versions of Thymeleaf.
2024-04-14T11:57:21.433+05:30  WARN 11176 --- [http-nio-8080-exec-7] actStandardFragmentInsertionTagProcessor : [THYMELEAF][http-nio-8080-exec-7][users/users] Deprecated unwrapped fragment expression "fragments :: user_photos" found in template users/users, line 85, col 10. Please use the complete syntax of fragment expressions instead ("~{fragments :: user_photos}"). The old, unwrapped syntax for fragment expressions will be removed in future versions of Thymeleaf.
2024-04-14T11:57:21.435+05:30  WARN 11176 --- [http-nio-8080-exec-7] actStandardFragmentInsertionTagProcessor : [THYMELEAF][http-nio-8080-exec-7][users/users] Deprecated unwrapped fragment expression "fragments :: user_status" found in template users/users, line 91, col 11. Please use the complete syntax of fragment expressions instead ("~{fragments :: user_status}"). The old, unwrapped syntax for fragment expressions will be removed in future versions of Thymeleaf.
2024-04-14T11:57:21.438+05:30  WARN 11176 --- [http-nio-8080-exec-7] actStandardFragmentInsertionTagProcessor : [THYMELEAF][http-nio-8080-exec-7][users/users] Deprecated unwrapped fragment expression "fragments :: user_actions" found in template users/users, line 93, col 11. Please use the complete syntax of fragment expressions instead ("~{fragments :: user_actions}"). The old, unwrapped syntax for fragment expressions will be removed in future versions of Thymeleaf.
2024-04-14T11:57:21.444+05:30  WARN 11176 --- [http-nio-8080-exec-7] actStandardFragmentInsertionTagProcessor : [THYMELEAF][http-nio-8080-exec-7][users/users] Deprecated unwrapped fragment expression "fragments :: page_link(1, 'First')" found in template users/users, line 111, col 11. Please use the complete syntax of fragment expressions instead ("~{fragments :: page_link(1, 'First')}"). The old, unwrapped syntax for fragment expressions will be removed in future versions of Thymeleaf.
2024-04-14T11:57:21.447+05:30  WARN 11176 --- [http-nio-8080-exec-7] actStandardFragmentInsertionTagProcessor : [THYMELEAF][http-nio-8080-exec-7][users/users] Deprecated unwrapped fragment expression "fragments :: page_link(${currentPage - 1}, 'Previous')" found in template users/users, line 114, col 11. Please use the complete syntax of fragment expressions instead ("~{fragments :: page_link(${currentPage - 1}, 'Previous')}"). The old, unwrapped syntax for fragment expressions will be removed in future versions of Thymeleaf.
2024-04-14T11:57:21.455+05:30  WARN 11176 --- [http-nio-8080-exec-7] actStandardFragmentInsertionTagProcessor : [THYMELEAF][http-nio-8080-exec-7][users/users] Deprecated unwrapped fragment expression "fragments :: page_link(${i}, ${i})" found in template users/users, line 119, col 11. Please use the complete syntax of fragment expressions instead ("~{fragments :: page_link(${i}, ${i})}"). The old, unwrapped syntax for fragment expressions will be removed in future versions of Thymeleaf.
2024-04-14T11:57:21.458+05:30  WARN 11176 --- [http-nio-8080-exec-7] actStandardFragmentInsertionTagProcessor : [THYMELEAF][http-nio-8080-exec-7][users/users] Deprecated unwrapped fragment expression "fragments :: page_link(${i}, ${i})" found in template users/users, line 119, col 11. Please use the complete syntax of fragment expressions instead ("~{fragments :: page_link(${i}, ${i})}"). The old, unwrapped syntax for fragment expressions will be removed in future versions of Thymeleaf.
2024-04-14T11:57:21.461+05:30  WARN 11176 --- [http-nio-8080-exec-7] actStandardFragmentInsertionTagProcessor : [THYMELEAF][http-nio-8080-exec-7][users/users] Deprecated unwrapped fragment expression "fragments :: page_link(${i}, ${i})" found in template users/users, line 119, col 11. Please use the complete syntax of fragment expressions instead ("~{fragments :: page_link(${i}, ${i})}"). The old, unwrapped syntax for fragment expressions will be removed in future versions of Thymeleaf.
2024-04-14T11:57:21.463+05:30  WARN 11176 --- [http-nio-8080-exec-7] actStandardFragmentInsertionTagProcessor : [THYMELEAF][http-nio-8080-exec-7][users/users] Deprecated unwrapped fragment expression "fragments :: page_link(${i}, ${i})" found in template users/users, line 119, col 11. Please use the complete syntax of fragment expressions instead ("~{fragments :: page_link(${i}, ${i})}"). The old, unwrapped syntax for fragment expressions will be removed in future versions of Thymeleaf.
2024-04-14T11:57:21.468+05:30  WARN 11176 --- [http-nio-8080-exec-7] actStandardFragmentInsertionTagProcessor : [THYMELEAF][http-nio-8080-exec-7][users/users] Deprecated unwrapped fragment expression "fragments :: page_link(${i}, ${i})" found in template users/users, line 119, col 11. Please use the complete syntax of fragment expressions instead ("~{fragments :: page_link(${i}, ${i})}"). The old, unwrapped syntax for fragment expressions will be removed in future versions of Thymeleaf.
2024-04-14T11:57:21.472+05:30  WARN 11176 --- [http-nio-8080-exec-7] actStandardFragmentInsertionTagProcessor : [THYMELEAF][http-nio-8080-exec-7][users/users] Deprecated unwrapped fragment expression "fragments :: page_link(${i}, ${i})" found in template users/users, line 119, col 11. Please use the complete syntax of fragment expressions instead ("~{fragments :: page_link(${i}, ${i})}"). The old, unwrapped syntax for fragment expressions will be removed in future versions of Thymeleaf.
2024-04-14T11:57:21.475+05:30  WARN 11176 --- [http-nio-8080-exec-7] actStandardFragmentInsertionTagProcessor : [THYMELEAF][http-nio-8080-exec-7][users/users] Deprecated unwrapped fragment expression "fragments :: page_link(${currentPage + 1}, 'Next')" found in template users/users, line 123, col 11. Please use the complete syntax of fragment expressions instead ("~{fragments :: page_link(${currentPage + 1}, 'Next')}"). The old, unwrapped syntax for fragment expressions will be removed in future versions of Thymeleaf.
2024-04-14T11:57:21.477+05:30  WARN 11176 --- [http-nio-8080-exec-7] actStandardFragmentInsertionTagProcessor : [THYMELEAF][http-nio-8080-exec-7][users/users] Deprecated unwrapped fragment expression "fragments :: page_link(${totalPages}, 'Last')" found in template users/users, line 127, col 11. Please use the complete syntax of fragment expressions instead ("~{fragments :: page_link(${totalPages}, 'Last')}"). The old, unwrapped syntax for fragment expressions will be removed in future versions of Thymeleaf.
2024-04-14T11:57:21.481+05:30  WARN 11176 --- [http-nio-8080-exec-7] actStandardFragmentInsertionTagProcessor : [THYMELEAF][http-nio-8080-exec-7][users/users] Deprecated unwrapped fragment expression "fragments :: footer" found in template users/users, line 153, col 7. Please use the complete syntax of fragment expressions instead ("~{fragments :: footer}"). The old, unwrapped syntax for fragment expressions will be removed in future versions of Thymeleaf.
2024-04-14T11:57:22.646+05:30  WARN 11176 --- [http-nio-8080-exec-1] actStandardFragmentInsertionTagProcessor : [THYMELEAF][http-nio-8080-exec-1][users/user_form] Deprecated unwrapped fragment expression "fragments :: page_head(${pageTitle})" found in template users/user_form, line 3, col 7. Please use the complete syntax of fragment expressions instead ("~{fragments :: page_head(${pageTitle})}"). The old, unwrapped syntax for fragment expressions will be removed in future versions of Thymeleaf.
2024-04-14T11:57:22.649+05:30  WARN 11176 --- [http-nio-8080-exec-1] actStandardFragmentInsertionTagProcessor : [THYMELEAF][http-nio-8080-exec-1][users/user_form] Deprecated unwrapped fragment expression "navigation :: menu" found in template users/user_form, line 6, col 7. Please use the complete syntax of fragment expressions instead ("~{navigation :: menu}"). The old, unwrapped syntax for fragment expressions will be removed in future versions of Thymeleaf.
2024-04-14T11:57:22.716+05:30  WARN 11176 --- [http-nio-8080-exec-1] actStandardFragmentInsertionTagProcessor : [THYMELEAF][http-nio-8080-exec-1][users/user_form] Deprecated unwrapped fragment expression "fragments :: footer" found in template users/user_form, line 107, col 7. Please use the complete syntax of fragment expressions instead ("~{fragments :: footer}"). The old, unwrapped syntax for fragment expressions will be removed in future versions of Thymeleaf.
2024-04-14T11:59:09.057+05:30  INFO 11176 --- [RMI TCP Connection(11)-127.0.0.1] inMXBeanRegistrar$SpringApplicationAdmin : Application shutdown requested.
2024-04-14T11:59:09.070+05:30  INFO 11176 --- [RMI TCP Connection(11)-127.0.0.1] j.LocalContainerEntityManagerFactoryBean : Closing JPA EntityManagerFactory for persistence unit 'default'
2024-04-14T11:59:09.075+05:30  INFO 11176 --- [RMI TCP Connection(11)-127.0.0.1] com.zaxxer.hikari.HikariDataSource       : HikariPool-1 - Shutdown initiated...
2024-04-14T11:59:09.084+05:30  INFO 11176 --- [RMI TCP Connection(11)-127.0.0.1] com.zaxxer.hikari.HikariDataSource       : HikariPool-1 - Shutdown completed.
